app/build/outputs/logs/manifest-merger-debug-report.txt
-- Merging decision tree log ---
manifest
ADDED from src\main\AndroidManifest.xml:2:1-66:12
	package
		ADDED from src\main\AndroidManifest.xml:3:5-25
		INJECTED from src\main\AndroidManifest.xml
		INJECTED from src\main\AndroidManifest.xml
	android:versionName
		ADDED from src\main\AndroidManifest.xml:5:5-30
		INJECTED from src\main\AndroidManifest.xml
		INJECTED from src\main\AndroidManifest.xml
	android:versionCode
		ADDED from src\main\AndroidManifest.xml:4:5-28
		INJECTED from src\main\AndroidManifest.xml
		INJECTED from src\main\AndroidManifest.xml
	xmlns:android
		ADDED from src\main\AndroidManifest.xml:2:11-69
uses-sdk
ADDED from src\main\AndroidManifest.xml:7:5-9:41
	android:targetSdkVersion
		ADDED from src\main\AndroidManifest.xml:9:9-38
		INJECTED from src\main\AndroidManifest.xml
		INJECTED from src\main\AndroidManifest.xml
	android:minSdkVersion
		ADDED from src\main\AndroidManifest.xml:8:9-34
		INJECTED from src\main\AndroidManifest.xml
		INJECTED from src\main\AndroidManifest.xml
application
ADDED from src\main\AndroidManifest.xml:11:5-33:19
	android:clearTaskOnLaunch
		ADDED from src\main\AndroidManifest.xml:12:9-41
	android:label
		ADDED from src\main\AndroidManifest.xml:13:9-41
	android:theme
		ADDED from src\main\AndroidManifest.xml:14:9-50
activity#com.camera.VideoRecordActivity
ADDED from src\main\AndroidManifest.xml:15:9-26:20
	android:screenOrientation
		ADDED from src\main\AndroidManifest.xml:18:13-50
	android:launchMode
		ADDED from src\main\AndroidManifest.xml:17:13-44
	android:windowSoftInputMode
		ADDED from src\main\AndroidManifest.xml:20:13-70
	android:theme
		ADDED from src\main\AndroidManifest.xml:19:13-52
	android:name
		ADDED from src\main\AndroidManifest.xml:16:13-58
intent-filter#android.intent.action.MAIN+android.intent.category.LAUNCHER
ADDED from src\main\AndroidManifest.xml:21:13-25:29
action#android.intent.action.MAIN
ADDED from src\main\AndroidManifest.xml:22:17-69
	android:name
		ADDED from src\main\AndroidManifest.xml:22:25-66
category#android.intent.category.LAUNCHER
ADDED from src\main\AndroidManifest.xml:24:17-77
	android:name
		ADDED from src\main\AndroidManifest.xml:24:27-74
activity#com.camera.VideoPlayActivity
ADDED from src\main\AndroidManifest.xml:27:9-32:73
	android:screenOrientation
		ADDED from src\main\AndroidManifest.xml:30:13-49
	android:launchMode
		ADDED from src\main\AndroidManifest.xml:29:13-44
	android:windowSoftInputMode
		ADDED from src\main\AndroidManifest.xml:32:13-70
	android:theme
		ADDED from src\main\AndroidManifest.xml:31:13-71
	android:name
		ADDED from src\main\AndroidManifest.xml:28:13-56
uses-permission#android.permission.WRITE_EXTERNAL_STORAGE
ADDED from src\main\AndroidManifest.xml:35:5-81
	android:name
		ADDED from src\main\AndroidManifest.xml:35:22-78
uses-permission#android.permission.INTERNET
ADDED from src\main\AndroidManifest.xml:36:5-67
	android:name
		ADDED from src\main\AndroidManifest.xml:36:22-64
uses-permission#android.permission.ACCESS_WIFI_STATE
ADDED from src\main\AndroidManifest.xml:37:5-76
	android:name
		ADDED from src\main\AndroidManifest.xml:37:22-73
uses-permission#android.permission.READ_PHONE_STATE
ADDED from src\main\AndroidManifest.xml:38:5-75
	android:name
		ADDED from src\main\AndroidManifest.xml:38:22-72
uses-permission#android.permission.ACCESS_FINE_LOCATION
ADDED from src\main\AndroidManifest.xml:39:5-79
	android:name
		ADDED from src\main\AndroidManifest.xml:39:22-76
uses-permission#android.permission.ACCESS_COARSE_LOCATION
ADDED from src\main\AndroidManifest.xml:40:5-81
	android:name
		ADDED from src\main\AndroidManifest.xml:40:22-78
uses-permission#android.permission.KILL_BACKGROUND_PROCESSES
ADDED from src\main\AndroidManifest.xml:41:5-84
	android:name
		ADDED from src\main\AndroidManifest.xml:41:22-81
uses-permission#android.permission.VIBRATE
ADDED from src\main\AndroidManifest.xml:42:5-66
	android:name
		ADDED from src\main\AndroidManifest.xml:42:22-63
uses-permission#android.permission.ACCESS_NETWORK_STATE
ADDED from src\main\AndroidManifest.xml:44:5-79
	android:name
		ADDED from src\main\AndroidManifest.xml:44:22-76
uses-permission#android.permission.CHANGE_WIFI_STATE
ADDED from src\main\AndroidManifest.xml:46:5-76
	android:name
		ADDED from src\main\AndroidManifest.xml:46:22-73
uses-permission#android.permission.RECORD_AUDIO
ADDED from src\main\AndroidManifest.xml:47:5-71
	android:name
		ADDED from src\main\AndroidManifest.xml:47:22-68
uses-permission#android.permission.CAMERA
ADDED from src\main\AndroidManifest.xml:50:5-65
	android:name
		ADDED from src\main\AndroidManifest.xml:50:22-62
uses-permission#android.permission.SYSTEM_ALERT_WINDOW
ADDED from src\main\AndroidManifest.xml:52:5-78
	android:name
		ADDED from src\main\AndroidManifest.xml:52:22-75
uses-feature#android.hardware.camera
ADDED from src\main\AndroidManifest.xml:54:5-60
	android:name
		ADDED from src\main\AndroidManifest.xml:54:19-57
uses-feature#android.hardware.camera.autofocus
ADDED from src\main\AndroidManifest.xml:55:5-57:36
	android:required
		ADDED from src\main\AndroidManifest.xml:57:9-33
	android:name
		ADDED from src\main\AndroidManifest.xml:56:9-57
supports-screens
ADDED from src\main\AndroidManifest.xml:59:5-64:39
	android:largeScreens
		ADDED from src\main\AndroidManifest.xml:61:9-36
	android:smallScreens
		ADDED from src\main\AndroidManifest.xml:64:9-36
	android:normalScreens
		ADDED from src\main\AndroidManifest.xml:62:9-37
	android:resizeable
		ADDED from src\main\AndroidManifest.xml:63:9-34
	android:anyDensity
		ADDED from src\main\AndroidManifest.xml:60:9-34